<?xml version="1.0" encoding="UTF-8"?>
<coverage generated="1574386362015" clover="3.2.0">
  <project timestamp="1574386362016" name="All files">
    <metrics statements="25" coveredstatements="23" conditionals="2" coveredconditionals="2" methods="9" coveredmethods="8" elements="36" coveredelements="33" complexity="0" loc="25" ncloc="25" packages="1" files="3" classes="3"/>
    <file name="class.ts" path="D:\Document\jest-test\src\class.ts">
      <metrics statements="10" coveredstatements="8" conditionals="0" coveredconditionals="0" methods="4" coveredmethods="3"/>
      <line num="1" count="1" type="stmt"/>
      <line num="5" count="3" type="stmt"/>
      <line num="7" count="1" type="stmt"/>
      <line num="8" count="1" type="stmt"/>
      <line num="9" count="1" type="stmt"/>
      <line num="12" count="1" type="stmt"/>
      <line num="13" count="0" type="stmt"/>
      <line num="14" count="0" type="stmt"/>
      <line num="16" count="1" type="stmt"/>
      <line num="18" count="1" type="stmt"/>
    </file>
    <file name="extend.ts" path="D:\Document\jest-test\src\extend.ts">
      <metrics statements="7" coveredstatements="7" conditionals="0" coveredconditionals="0" methods="2" coveredmethods="2"/>
      <line num="1" count="1" type="stmt"/>
      <line num="3" count="1" type="stmt"/>
      <line num="4" count="1" type="stmt"/>
      <line num="5" count="1" type="stmt"/>
      <line num="6" count="1" type="stmt"/>
      <line num="8" count="1" type="stmt"/>
      <line num="10" count="1" type="stmt"/>
    </file>
    <file name="greet.ts" path="D:\Document\jest-test\src\greet.ts">
      <metrics statements="8" coveredstatements="8" conditionals="2" coveredconditionals="2" methods="3" coveredmethods="3"/>
      <line num="6" count="1" type="stmt"/>
      <line num="7" count="1" type="stmt"/>
      <line num="11" count="1" type="stmt"/>
      <line num="15" count="2" type="stmt"/>
      <line num="16" count="2" type="cond" truecount="2" falsecount="0"/>
      <line num="17" count="1" type="stmt"/>
      <line num="19" count="1" type="stmt"/>
      <line num="23" count="1" type="stmt"/>
    </file>
  </project>
</coverage>
