TN:
SF:D:\Document\jest-test\src\class.ts
FN:1,(anonymous_0)
FN:4,A
FN:7,(anonymous_2)
FN:12,(anonymous_3)
FNF:4
FNH:3
FNDA:1,(anonymous_0)
FNDA:3,A
FNDA:1,(anonymous_2)
FNDA:0,(anonymous_3)
DA:1,1
DA:5,3
DA:7,1
DA:8,1
DA:9,1
DA:12,1
DA:13,0
DA:14,0
DA:16,1
DA:18,1
LF:10
LH:8
BRF:0
BRH:0
end_of_record
TN:
SF:D:\Document\jest-test\src\extend.ts
FN:3,(anonymous_7)
FN:4,(anonymous_9)
FNF:2
FNH:2
FNDA:2,(anonymous_7)
FNDA:1,(anonymous_9)
DA:1,1
DA:3,1
DA:4,1
DA:5,1
DA:6,1
DA:8,1
DA:10,1
LF:7
LH:7
BRF:0
BRH:0
end_of_record
TN:
SF:D:\Document\jest-test\src\greet.ts
FN:5,hoge1
FN:10,hoge2
FN:14,foo
FNF:3
FNH:3
FNDA:1,hoge1
FNDA:1,hoge2
FNDA:2,foo
DA:6,1
DA:7,1
DA:11,1
DA:15,2
DA:16,2
DA:17,1
DA:19,1
DA:23,1
LF:8
LH:8
BRDA:16,0,0,1
BRDA:16,0,1,1
BRF:2
BRH:2
end_of_record
